<?xml version="1.0" encoding="UTF-8"?>
<!-- Generated by org.testng.reporters.JUnitReportReporter -->
<testsuite hostname="DESKTOP-1NV6O7N" failures="0" tests="1" name="SBIN_Sanity_Test.SBIN_Sanity_Test_Cases" time="17.183" errors="0" timestamp="2022-11-14T13:43:30 IST" skipped="0">
  <testcase classname="SBIN_Sanity_Test.SBIN_Sanity_Test_Cases" name="testSanity" time="17.183"/>
  <system-out/>
</testsuite> <!-- SBIN_Sanity_Test.SBIN_Sanity_Test_Cases -->
